{
  "0 debug pnpm:scope": {
    "selected": 1
  },
  "1 error pnpm": {
    "code": "ELIFECYCLE",
    "errno": "ENOENT",
    "syscall": "spawn",
    "file": "sh",
    "pkgid": "@",
    "stage": "watch",
    "script": "mix watch",
    "err": {
      "name": "pnpm",
      "message": "@ watch: `mix watch`\nspawn ENOENT",
      "code": "ELIFECYCLE",
      "stack": "pnpm: @ watch: `mix watch`\nspawn ENOENT\n    at ChildProcess.<anonymous> (/home/master/.nvm/versions/node/v16.0.0/lib/node_modules/pnpm/dist/pnpm.cjs:93301:22)\n    at ChildProcess.emit (node:events:365:28)\n    at maybeClose (node:internal/child_process:1067:16)\n    at Process.ChildProcess._handle.onexit (node:internal/child_process:301:5)"
    }
  },
  "2 warn pnpm:global": " Local package.json exists, but node_modules missing, did you mean to install?"
}
